<?xml version="1.0" encoding="UTF-8"?>
<testng-results ignored="0" total="3" passed="2" failed="1" skipped="0">
  <reporter-output>
  </reporter-output>
  <suite started-at="2021-04-19T22:46:36 COT" name="Default suite" finished-at="2021-04-19T22:46:37 COT" duration-ms="1228">
    <groups>
    </groups>
    <test started-at="2021-04-19T22:46:36 COT" name="Default test" finished-at="2021-04-19T22:46:37 COT" duration-ms="1228">
      <class name="com.qa.test.GETAllEmployeesDataTest">
        <test-method is-config="true" signature="setUpGETAllEmployeesDataAPI()[pri:0, instance:com.qa.test.GETAllEmployeesDataTest@2abf4075]" started-at="2021-04-19T22:46:36 COT" name="setUpGETAllEmployeesDataAPI" finished-at="2021-04-19T22:46:36 COT" duration-ms="5" status="PASS">
          <reporter-output>
          </reporter-output>
        </test-method> <!-- setUpGETAllEmployeesDataAPI -->
        <test-method signature="GETAllEmployeesData()[pri:0, instance:com.qa.test.GETAllEmployeesDataTest@2abf4075]" started-at="2021-04-19T22:46:36 COT" name="GETAllEmployeesData" finished-at="2021-04-19T22:46:37 COT" duration-ms="1169" status="PASS">
          <reporter-output>
          </reporter-output>
        </test-method> <!-- GETAllEmployeesData -->
        <test-method signature="responseStatusTest()[pri:0, instance:com.qa.test.GETAllEmployeesDataTest@2abf4075]" started-at="2021-04-19T22:46:37 COT" name="responseStatusTest" finished-at="2021-04-19T22:46:37 COT" duration-ms="16" status="FAIL">
          <exception class="org.json.JSONException">
            <message>
              <![CDATA[A JSONObject text must begin with '{' at 1 [character 2 line 1]]]>
            </message>
            <full-stacktrace>
              <![CDATA[org.json.JSONException: A JSONObject text must begin with '{' at 1 [character 2 line 1]
at org.json.JSONTokener.syntaxError(JSONTokener.java:507)
at org.json.JSONObject.<init>(JSONObject.java:222)
at org.json.JSONObject.<init>(JSONObject.java:406)
at com.qa.test.GETAllEmployeesDataTest.responseStatusTest(GETAllEmployeesDataTest.java:62)
at java.base/jdk.internal.reflect.NativeMethodAccessorImpl.invoke0(Native Method)
at java.base/jdk.internal.reflect.NativeMethodAccessorImpl.invoke(NativeMethodAccessorImpl.java:62)
at java.base/jdk.internal.reflect.DelegatingMethodAccessorImpl.invoke(DelegatingMethodAccessorImpl.java:43)
at java.base/java.lang.reflect.Method.invoke(Method.java:564)
at org.testng.internal.MethodInvocationHelper.invokeMethod(MethodInvocationHelper.java:133)
at org.testng.internal.TestInvoker.invokeMethod(TestInvoker.java:598)
at org.testng.internal.TestInvoker.invokeTestMethod(TestInvoker.java:173)
at org.testng.internal.MethodRunner.runInSequence(MethodRunner.java:46)
at org.testng.internal.TestInvoker$MethodInvocationAgent.invoke(TestInvoker.java:824)
at org.testng.internal.TestInvoker.invokeTestMethods(TestInvoker.java:146)
at org.testng.internal.TestMethodWorker.invokeTestMethods(TestMethodWorker.java:146)
at org.testng.internal.TestMethodWorker.run(TestMethodWorker.java:128)
at java.base/java.util.ArrayList.forEach(ArrayList.java:1511)
at org.testng.TestRunner.privateRun(TestRunner.java:794)
at org.testng.TestRunner.run(TestRunner.java:596)
at org.testng.SuiteRunner.runTest(SuiteRunner.java:377)
at org.testng.SuiteRunner.runSequentially(SuiteRunner.java:371)
at org.testng.SuiteRunner.privateRun(SuiteRunner.java:332)
at org.testng.SuiteRunner.run(SuiteRunner.java:276)
at org.testng.SuiteRunnerWorker.runSuite(SuiteRunnerWorker.java:53)
at org.testng.SuiteRunnerWorker.run(SuiteRunnerWorker.java:96)
at org.testng.TestNG.runSuitesSequentially(TestNG.java:1212)
at org.testng.TestNG.runSuitesLocally(TestNG.java:1134)
at org.testng.TestNG.runSuites(TestNG.java:1063)
at org.testng.TestNG.run(TestNG.java:1031)
at org.testng.remote.AbstractRemoteTestNG.run(AbstractRemoteTestNG.java:115)
at org.testng.remote.RemoteTestNG.initAndRun(RemoteTestNG.java:251)
at org.testng.remote.RemoteTestNG.main(RemoteTestNG.java:77)
]]>
            </full-stacktrace>
          </exception> <!-- org.json.JSONException -->
          <reporter-output>
          </reporter-output>
        </test-method> <!-- responseStatusTest -->
        <test-method signature="statusCodeTest()[pri:0, instance:com.qa.test.GETAllEmployeesDataTest@2abf4075]" started-at="2021-04-19T22:46:37 COT" name="statusCodeTest" finished-at="2021-04-19T22:46:37 COT" duration-ms="1" status="PASS">
          <reporter-output>
          </reporter-output>
        </test-method> <!-- statusCodeTest -->
      </class> <!-- com.qa.test.GETAllEmployeesDataTest -->
    </test> <!-- Default test -->
  </suite> <!-- Default suite -->
</testng-results>
